0 info it worked if it ends with ok
1 verbose cli [ '/usr/local/bin/node',
1 verbose cli   '/usr/local/bin/npm',
1 verbose cli   'install',
1 verbose cli   'forever' ]
2 info using npm@2.5.1
3 info using node@v0.12.0
4 silly cache add args [ 'forever', null ]
5 verbose cache add spec forever
6 silly cache add parsed spec { raw: 'forever',
6 silly cache add   scope: null,
6 silly cache add   name: 'forever',
6 silly cache add   rawSpec: '',
6 silly cache add   spec: '*',
6 silly cache add   type: 'range' }
7 verbose addNamed forever@*
8 silly addNamed semver.valid null
9 silly addNamed semver.validRange *
10 silly addNameRange { name: 'forever', range: '*', hasData: false }
11 silly mapToRegistry name forever
12 silly mapToRegistry using default registry
13 silly mapToRegistry registry https://registry.npmjs.org/
14 silly mapToRegistry uri https://registry.npmjs.org/forever
15 verbose addNameRange registry:https://registry.npmjs.org/forever not in flight; fetching
16 verbose request uri https://registry.npmjs.org/forever
17 verbose request no auth needed
18 info attempt registry request try #1 at 23:37:18
19 verbose request id 3eb1037583066cb7
20 http request GET https://registry.npmjs.org/forever
21 info retry will retry, error on last attempt: Error: connect ETIMEDOUT
22 info attempt registry request try #2 at 23:38:32
23 http request GET https://registry.npmjs.org/forever
24 info retry will retry, error on last attempt: Error: connect ETIMEDOUT
25 info attempt registry request try #3 at 23:40:35
26 http request GET https://registry.npmjs.org/forever
27 verbose stack Error: connect ETIMEDOUT
27 verbose stack     at exports._errnoException (util.js:746:11)
27 verbose stack     at TCPConnectWrap.afterConnect [as oncomplete] (net.js:983:19)
28 verbose cwd /home/bugtonch/domains/bugtonchanchai.com/public_html/serverSide
29 error Linux 2.6.32-531.29.2.lve1.3.11.1.el6.x86_64
30 error argv "/usr/local/bin/node" "/usr/local/bin/npm" "install" "forever"
31 error node v0.12.0
32 error npm  v2.5.1
33 error code ETIMEDOUT
34 error errno ETIMEDOUT
35 error syscall connect
36 error network connect ETIMEDOUT
36 error network This is most likely not a problem with npm itself
36 error network and is related to network connectivity.
36 error network In most cases you are behind a proxy or have bad network settings.
36 error network
36 error network If you are behind a proxy, please make sure that the
36 error network 'proxy' config is set properly.  See: 'npm help config'
37 verbose exit [ 1, true ]
